2021-07-30 11:32:49.024	[I]	HTTPServer	start:43	HTTP Server [Tomboy 2.1] started on port: 37388 , with root: /home/lepe/Projects/intellisrc/common/modules/web/res/public
2021-07-30 11:32:49.384	[I]	HTTPServer	run:331	127.0.0.1 [2021-07-30 11:32:49 +0900]  "GET /template.html?title=Hello+World%21 HTTP/1.1" 200 140 "Java/11.0.3"
2021-07-30 11:32:49.388	[I]	HTTPServer	start:54	HTTP Server on port 37388 stopped
2021-07-30 11:48:21.288	[I]	WebService	start:93	Starting server in port 34986 with pool size of 20
2021-07-30 11:49:59.155	[I]	WebService	start:93	Starting server in port 33823 with pool size of 20
2021-07-30 11:57:51.471	[I]	NativeMethodAccessorImpl	invoke0:0	Public directory is: /home/lepe/Projects/intellisrc/common/modules/web/res/public
2021-07-30 11:57:51.500	[I]	WebService	start:93	Starting server in port 34377 with pool size of 20
2021-07-30 11:58:36.000	[I]	NativeMethodAccessorImpl	invoke0:0	Public directory is: /home/lepe/Projects/intellisrc/common/modules/web/res/public
2021-07-30 11:58:36.002	[I]	NativeMethodAccessorImpl	invoke0:0	Upload directory is: /home/lepe/Projects/intellisrc/common/modules/web/res/public/upload
2021-07-30 11:58:36.029	[I]	WebService	start:93	Starting server in port 39638 with pool size of 20
2021-07-30 11:58:47.023	[I]	NativeMethodAccessorImpl	invoke0:0	Public directory is: /home/lepe/Projects/intellisrc/common/modules/web/res/public
2021-07-30 11:58:47.025	[I]	NativeMethodAccessorImpl	invoke0:0	Upload directory is: /home/lepe/Projects/intellisrc/common/modules/web/res/public/upload
2021-07-30 11:58:47.070	[I]	WebService	start:93	Starting server in port 38830 with pool size of 20
2021-07-30 11:59:45.172	[I]	NativeMethodAccessorImpl	invoke0:0	Public directory is: /home/lepe/Projects/intellisrc/common/modules/web/res/public
2021-07-30 11:59:45.174	[I]	NativeMethodAccessorImpl	invoke0:0	Upload directory is: /home/lepe/Projects/intellisrc/common/modules/web/res/public/upload
2021-07-30 11:59:45.203	[I]	WebService	start:93	Starting server in port 37388 with pool size of 20
2021-07-30 11:59:46.242	[I]	NativeMethodAccessorImpl	invoke0:0	Uploading file to: http://localhost:37388/upload
2021-07-30 12:02:08.938	[I]	WebService	start:93	Starting server in port 45393 with pool size of 20
2021-07-30 12:12:09.075	[I]	NativeMethodAccessorImpl	invoke0:0	Public directory is: /home/lepe/Projects/intellisrc/common/modules/web/res/public
2021-07-30 12:12:09.079	[I]	NativeMethodAccessorImpl	invoke0:0	Upload directory is: /home/lepe/Projects/intellisrc/common/modules/web/res/public/upload
2021-07-30 12:12:09.120	[I]	WebService	start:93	Starting server in port 34109 with pool size of 20
2021-07-30 12:12:10.190	[I]	NativeMethodAccessorImpl	invoke0:0	Uploading file to: http://localhost:34109/upload
2021-07-30 12:13:09.519	[I]	NativeMethodAccessorImpl	invoke0:0	Public directory is: /home/lepe/Projects/intellisrc/common/modules/web/res/public
2021-07-30 12:13:09.522	[I]	NativeMethodAccessorImpl	invoke0:0	Upload directory is: /home/lepe/Projects/intellisrc/common/modules/web/res/public/upload
2021-07-30 12:13:09.559	[I]	WebService	start:93	Starting server in port 45859 with pool size of 20
2021-07-30 12:13:10.628	[I]	NativeMethodAccessorImpl	invoke0:0	Uploading file to: http://localhost:45859/upload
2021-07-30 12:14:12.212	[I]	NativeMethodAccessorImpl	invoke0:0	Public directory is: /home/lepe/Projects/intellisrc/common/modules/web/res/public
2021-07-30 12:14:12.215	[I]	NativeMethodAccessorImpl	invoke0:0	Upload directory is: /home/lepe/Projects/intellisrc/common/modules/web/res/public/upload
2021-07-30 12:14:35.565	[I]	NativeMethodAccessorImpl	invoke0:0	Public directory is: /home/lepe/Projects/intellisrc/common/modules/web/res/public
2021-07-30 12:14:35.568	[I]	NativeMethodAccessorImpl	invoke0:0	Upload directory is: /home/lepe/Projects/intellisrc/common/modules/web/res/public/upload
2021-07-30 12:15:00.432	[I]	WebService	start:93	Starting server in port 34884 with pool size of 20
2021-07-30 12:15:58.904	[I]	NativeMethodAccessorImpl	invoke0:0	Uploading file to: http://localhost:34884/upload
2021-07-30 12:16:49.158	[I]	NativeMethodAccessorImpl	invoke0:0	Public directory is: /home/lepe/Projects/intellisrc/common/modules/web/res/public
2021-07-30 12:16:49.160	[I]	NativeMethodAccessorImpl	invoke0:0	Upload directory is: /home/lepe/Projects/intellisrc/common/modules/web/res/public/upload
2021-07-30 12:16:51.318	[I]	WebService	start:93	Starting server in port 35934 with pool size of 20
2021-07-30 12:17:03.359	[I]	NativeMethodAccessorImpl	invoke0:0	Uploading file to: http://localhost:35934/upload
2021-07-30 12:17:50.010	[I]	NativeMethodAccessorImpl	invoke0:0	Public directory is: /home/lepe/Projects/intellisrc/common/modules/web/res/public
2021-07-30 12:17:50.013	[I]	NativeMethodAccessorImpl	invoke0:0	Upload directory is: /home/lepe/Projects/intellisrc/common/modules/web/res/public/upload
2021-07-30 12:17:50.050	[I]	WebService	start:93	Starting server in port 45374 with pool size of 20
2021-07-30 12:17:51.097	[I]	NativeMethodAccessorImpl	invoke0:0	Uploading file to: http://localhost:45374/upload
2021-07-30 12:20:40.922	[I]	NativeMethodAccessorImpl	invoke0:0	Public directory is: /home/lepe/Projects/intellisrc/common/modules/web/res/public
2021-07-30 12:20:40.933	[I]	NativeMethodAccessorImpl	invoke0:0	Upload directory is: /home/lepe/Projects/intellisrc/common/modules/web/res/public/upload
2021-07-30 12:20:41.538	[I]	WebService	start:93	Starting server in port 40488 with pool size of 20
2021-07-30 12:21:20.958	[I]	NativeMethodAccessorImpl	invoke0:0	Public directory is: /home/lepe/Projects/intellisrc/common/modules/web/res/public
2021-07-30 12:21:20.961	[I]	NativeMethodAccessorImpl	invoke0:0	Upload directory is: /home/lepe/Projects/intellisrc/common/modules/web/res/public/upload
2021-07-30 12:21:20.989	[I]	WebService	start:93	Starting server in port 45648 with pool size of 20
2021-07-30 12:21:22.164	[I]	NativeMethodAccessorImpl	invoke0:0	Uploading file to: http://localhost:45648/upload
2021-07-30 12:22:01.262	[I]	NativeMethodAccessorImpl	invoke0:0	Public directory is: /home/lepe/Projects/intellisrc/common/modules/web/res/public
2021-07-30 12:22:01.264	[I]	NativeMethodAccessorImpl	invoke0:0	Upload directory is: /home/lepe/Projects/intellisrc/common/modules/web/res/public/upload
2021-07-30 12:22:01.290	[I]	WebService	start:93	Starting server in port 39371 with pool size of 20
2021-07-30 12:22:02.446	[I]	NativeMethodAccessorImpl	invoke0:0	Web server responded 'ok'
2021-07-30 12:22:02.447	[I]	NativeMethodAccessorImpl	invoke0:0	Uploading file to: http://localhost:39371/upload
2021-07-30 12:22:30.150	[I]	NativeMethodAccessorImpl	invoke0:0	Public directory is: /home/lepe/Projects/intellisrc/common/modules/web/res/public
2021-07-30 12:22:30.153	[I]	NativeMethodAccessorImpl	invoke0:0	Upload directory is: /home/lepe/Projects/intellisrc/common/modules/web/res/public/upload
2021-07-30 12:22:30.181	[I]	WebService	start:93	Starting server in port 46118 with pool size of 20
2021-07-30 12:22:31.319	[I]	NativeMethodAccessorImpl	invoke0:0	Web server responded 'ok'
2021-07-30 12:22:31.321	[I]	NativeMethodAccessorImpl	invoke0:0	Uploading file to: http://localhost:46118/upload
2021-07-30 12:22:31.398	[I]	NativeMethodAccessorImpl	invoke0:0	File uploaded : empty.gif
2021-07-30 12:22:31.438	[I]	WebService	stop:237	Stopping server running at port: 46118
2021-07-30 12:23:12.116	[I]	NativeMethodAccessorImpl	invoke0:0	Public directory is: /home/lepe/Projects/intellisrc/common/modules/web/res/public
2021-07-30 12:23:12.119	[I]	NativeMethodAccessorImpl	invoke0:0	Upload directory is: /home/lepe/Projects/intellisrc/common/modules/web/res/public/upload
2021-07-30 12:23:12.148	[I]	WebService	start:93	Starting server in port 38045 with pool size of 20
2021-07-30 12:23:13.315	[I]	NativeMethodAccessorImpl	invoke0:0	Web server responded 'ok'
2021-07-30 12:23:13.317	[I]	NativeMethodAccessorImpl	invoke0:0	Uploading file to: http://localhost:38045/upload
2021-07-30 12:23:13.397	[I]	NativeMethodAccessorImpl	invoke0:0	File uploaded : empty.gif
2021-07-30 12:23:13.414	[I]	NativeMethodAccessorImpl	invoke0:0	File uploaded successfully
2021-07-30 12:23:13.417	[I]	WebService	stop:237	Stopping server running at port: 38045
